# JRE version: 7.0_17-b02
# Java VM: Java HotSpot(TM) 64-Bit Server VM (23.7-b01 mixed mode windows-amd64 compressed oops)
Heap
 PSYoungGen      total 34880K, used 14463K [0x00000000f5560000, 0x00000000f8520000, 0x0000000100000000)
  eden space 29504K, 40% used [0x00000000f5560000,0x00000000f60fbc60,0x00000000f7230000)
  from space 5376K, 47% used [0x00000000f7a80000,0x00000000f7d04010,0x00000000f7fc0000)
  to   space 8512K, 0% used [0x00000000f7230000,0x00000000f7230000,0x00000000f7a80000)
 ParOldGen       total 86848K, used 13027K [0x00000000e0000000, 0x00000000e54d0000, 0x00000000f5560000)
  object space 86848K, 14% used [0x00000000e0000000,0x00000000e0cb8c60,0x00000000e54d0000)
 PSPermGen       total 30080K, used 30030K [0x00000000d0000000, 0x00000000d1d60000, 0x00000000e0000000)
  object space 30080K, 99% used [0x00000000d0000000,0x00000000d1d538a0,0x00000000d1d60000)
GC Heap History (10 events):
Event: 5.127 GC heap before
{Heap before GC invocations=4 (full 0):
 PSYoungGen      total 38016K, used 37202K [0x00000000f5560000, 0x00000000f7fc0000, 0x0000000100000000)
  eden space 32640K, 100% used [0x00000000f5560000,0x00000000f7540000,0x00000000f7540000)
  from space 5376K, 84% used [0x00000000f7540000,0x00000000f79b4a20,0x00000000f7a80000)
  to   space 5376K, 0% used [0x00000000f7a80000,0x00000000f7a80000,0x00000000f7fc0000)
 ParOldGen       total 86848K, used 4684K [0x00000000e0000000, 0x00000000e54d0000, 0x00000000f5560000)
  object space 86848K, 5% used [0x00000000e0000000,0x00000000e0493088,0x00000000e54d0000)
 PSPermGen       total 27776K, used 27642K [0x00000000d0000000, 0x00000000d1b20000, 0x00000000e0000000)
  object space 27776K, 99% used [0x00000000d0000000,0x00000000d1afe850,0x00000000d1b20000)
Event: 5.134 GC heap after
Heap after GC invocations=4 (full 0):
 PSYoungGen      total 38016K, used 5353K [0x00000000f5560000, 0x00000000f7fc0000, 0x0000000100000000)
  eden space 32640K, 0% used [0x00000000f5560000,0x00000000f5560000,0x00000000f7540000)
  from space 5376K, 99% used [0x00000000f7a80000,0x00000000f7fba7d8,0x00000000f7fc0000)
  to   space 5376K, 0% used [0x00000000f7540000,0x00000000f7540000,0x00000000f7a80000)
 ParOldGen       total 86848K, used 6875K [0x00000000e0000000, 0x00000000e54d0000, 0x00000000f5560000)
  object space 86848K, 7% used [0x00000000e0000000,0x00000000e06b6df0,0x00000000e54d0000)
 PSPermGen       total 27776K, used 27642K [0x00000000d0000000, 0x00000000d1b20000, 0x00000000e0000000)
  object space 27776K, 99% used [0x00000000d0000000,0x00000000d1afe850,0x00000000d1b20000)
}
Event: 6.336 GC heap before
{Heap before GC invocations=5 (full 0):
 PSYoungGen      total 38016K, used 37993K [0x00000000f5560000, 0x00000000f7fc0000, 0x0000000100000000)
  eden space 32640K, 100% used [0x00000000f5560000,0x00000000f7540000,0x00000000f7540000)
  from space 5376K, 99% used [0x00000000f7a80000,0x00000000f7fba7d8,0x00000000f7fc0000)
  to   space 5376K, 0% used [0x00000000f7540000,0x00000000f7540000,0x00000000f7a80000)
 ParOldGen       total 86848K, used 6875K [0x00000000e0000000, 0x00000000e54d0000, 0x00000000f5560000)
  object space 86848K, 7% used [0x00000000e0000000,0x00000000e06b6df0,0x00000000e54d0000)
 PSPermGen       total 29888K, used 29760K [0x00000000d0000000, 0x00000000d1d30000, 0x00000000e0000000)
  object space 29888K, 99% used [0x00000000d0000000,0x00000000d1d102b8,0x00000000d1d30000)
Event: 6.364 GC heap after
Heap after GC invocations=5 (full 0):
 PSYoungGen      total 38016K, used 5360K [0x00000000f5560000, 0x00000000f7fc0000, 0x0000000100000000)
  eden space 32640K, 0% used [0x00000000f5560000,0x00000000f5560000,0x00000000f7540000)
  from space 5376K, 99% used [0x00000000f7540000,0x00000000f7a7c020,0x00000000f7a80000)
  to   space 5376K, 0% used [0x00000000f7a80000,0x00000000f7a80000,0x00000000f7fc0000)
 ParOldGen       total 86848K, used 7777K [0x00000000e0000000, 0x00000000e54d0000, 0x00000000f5560000)
  object space 86848K, 8% used [0x00000000e0000000,0x00000000e07987a0,0x00000000e54d0000)
 PSPermGen       total 29888K, used 29760K [0x00000000d0000000, 0x00000000d1d30000, 0x00000000e0000000)
  object space 29888K, 99% used [0x00000000d0000000,0x00000000d1d102b8,0x00000000d1d30000)
}
Event: 7.087 GC heap before
{Heap before GC invocations=6 (full 0):
 PSYoungGen      total 38016K, used 38000K [0x00000000f5560000, 0x00000000f7fc0000, 0x0000000100000000)
  eden space 32640K, 100% used [0x00000000f5560000,0x00000000f7540000,0x00000000f7540000)
  from space 5376K, 99% used [0x00000000f7540000,0x00000000f7a7c020,0x00000000f7a80000)
  to   space 5376K, 0% used [0x00000000f7a80000,0x00000000f7a80000,0x00000000f7fc0000)
 ParOldGen       total 86848K, used 7777K [0x00000000e0000000, 0x00000000e54d0000, 0x00000000f5560000)
  object space 86848K, 8% used [0x00000000e0000000,0x00000000e07987a0,0x00000000e54d0000)
 PSPermGen       total 29888K, used 29859K [0x00000000d0000000, 0x00000000d1d30000, 0x00000000e0000000)
  object space 29888K, 99% used [0x00000000d0000000,0x00000000d1d28fd8,0x00000000d1d30000)
Event: 7.093 GC heap after
Heap after GC invocations=6 (full 0):
 PSYoungGen      total 34880K, used 5344K [0x00000000f5560000, 0x00000000f8520000, 0x0000000100000000)
  eden space 29504K, 0% used [0x00000000f5560000,0x00000000f5560000,0x00000000f7230000)
  from space 5376K, 99% used [0x00000000f7a80000,0x00000000f7fb8050,0x00000000f7fc0000)
  to   space 8512K, 0% used [0x00000000f7230000,0x00000000f7230000,0x00000000f7a80000)
 ParOldGen       total 86848K, used 9338K [0x00000000e0000000, 0x00000000e54d0000, 0x00000000f5560000)
  object space 86848K, 10% used [0x00000000e0000000,0x00000000e091e8d0,0x00000000e54d0000)
 PSPermGen       total 29888K, used 29859K [0x00000000d0000000, 0x00000000d1d30000, 0x00000000e0000000)
  object space 29888K, 99% used [0x00000000d0000000,0x00000000d1d28fd8,0x00000000d1d30000)
}
Event: 7.346 GC heap before
{Heap before GC invocations=7 (full 0):
 PSYoungGen      total 34880K, used 34848K [0x00000000f5560000, 0x00000000f8520000, 0x0000000100000000)
  eden space 29504K, 100% used [0x00000000f5560000,0x00000000f7230000,0x00000000f7230000)
  from space 5376K, 99% used [0x00000000f7a80000,0x00000000f7fb8050,0x00000000f7fc0000)
  to   space 8512K, 0% used [0x00000000f7230000,0x00000000f7230000,0x00000000f7a80000)
 ParOldGen       total 86848K, used 9338K [0x00000000e0000000, 0x00000000e54d0000, 0x00000000f5560000)
  object space 86848K, 10% used [0x00000000e0000000,0x00000000e091e8d0,0x00000000e54d0000)
 PSPermGen       total 30080K, used 29894K [0x00000000d0000000, 0x00000000d1d60000, 0x00000000e0000000)
  object space 30080K, 99% used [0x00000000d0000000,0x00000000d1d31988,0x00000000d1d60000)
Event: 7.356 GC heap after
Heap after GC invocations=7 (full 0):
 PSYoungGen      total 38016K, used 3072K [0x00000000f5560000, 0x00000000f8520000, 0x0000000100000000)
  eden space 29504K, 0% used [0x00000000f5560000,0x00000000f5560000,0x00000000f7230000)
  from space 8512K, 36% used [0x00000000f7230000,0x00000000f7530010,0x00000000f7a80000)
  to   space 5376K, 0% used [0x00000000f7a80000,0x00000000f7a80000,0x00000000f7fc0000)
 ParOldGen       total 86848K, used 12225K [0x00000000e0000000, 0x00000000e54d0000, 0x00000000f5560000)
  object space 86848K, 14% used [0x00000000e0000000,0x00000000e0bf0440,0x00000000e54d0000)
 PSPermGen       total 30080K, used 29894K [0x00000000d0000000, 0x00000000d1d60000, 0x00000000e0000000)
  object space 30080K, 99% used [0x00000000d0000000,0x00000000d1d31988,0x00000000d1d60000)
}
Event: 7.491 GC heap before
{Heap before GC invocations=8 (full 0):
 PSYoungGen      total 38016K, used 32576K [0x00000000f5560000, 0x00000000f8520000, 0x0000000100000000)
  eden space 29504K, 100% used [0x00000000f5560000,0x00000000f7230000,0x00000000f7230000)
  from space 8512K, 36% used [0x00000000f7230000,0x00000000f7530010,0x00000000f7a80000)
  to   space 5376K, 0% used [0x00000000f7a80000,0x00000000f7a80000,0x00000000f7fc0000)
 ParOldGen       total 86848K, used 12225K [0x00000000e0000000, 0x00000000e54d0000, 0x00000000f5560000)
  object space 86848K, 14% used [0x00000000e0000000,0x00000000e0bf0440,0x00000000e54d0000)
 PSPermGen       total 30080K, used 29900K [0x00000000d0000000, 0x00000000d1d60000, 0x00000000e0000000)
  object space 30080K, 99% used [0x00000000d0000000,0x00000000d1d332b8,0x00000000d1d60000)
Event: 7.494 GC heap after
Heap after GC invocations=8 (full 0):
 PSYoungGen      total 34880K, used 2576K [0x00000000f5560000, 0x00000000f8520000, 0x0000000100000000)
  eden space 29504K, 0% used [0x00000000f5560000,0x00000000f5560000,0x00000000f7230000)
  from space 5376K, 47% used [0x00000000f7a80000,0x00000000f7d04010,0x00000000f7fc0000)
  to   space 8512K, 0% used [0x00000000f7230000,0x00000000f7230000,0x00000000f7a80000)
 ParOldGen       total 86848K, used 13027K [0x00000000e0000000, 0x00000000e54d0000, 0x00000000f5560000)
  object space 86848K, 14% used [0x00000000e0000000,0x00000000e0cb8c60,0x00000000e54d0000)
 PSPermGen       total 30080K, used 29900K [0x00000000d0000000, 0x00000000d1d60000, 0x00000000e0000000)
  object space 30080K, 99% used [0x00000000d0000000,0x00000000d1d332b8,0x00000000d1d60000)
}

